usbCameraTest/build/intermediates/manifest_merge_blame_file/debug/manifest-merger-blame-debug-report.txt
1<?xml version="1.0" encoding="utf-8"?>
2<!--
3  ~  UVCCamera
4  ~  library and sample to access to UVC web camera on non-rooted Android device
5  ~
6  ~ Copyright (c) 2014-2017 saki t_saki@serenegiant.com
7  ~
8  ~  Licensed under the Apache License, Version 2.0 (the "License");
9  ~  you may not use this file except in compliance with the License.
10  ~   You may obtain a copy of the License at
11  ~
12  ~      http://www.apache.org/licenses/LICENSE-2.0
13  ~
14  ~   Unless required by applicable law or agreed to in writing, software
15  ~   distributed under the License is distributed on an "AS IS" BASIS,
16  ~   WITHOUT WARRANTIES OR CONDITIONS OF ANY KIND, either express or implied.
17  ~   See the License for the specific language governing permissions and
18  ~   limitations under the License.
19  ~
20  ~  All files in the folder are under this Apache License, Version 2.0.
21  ~  Files in the libjpeg-turbo, libusb, libuvc, rapidjson folder
22  ~  may have a different license, see the respective files.
23-->
24<manifest xmlns:android="http://schemas.android.com/apk/res/android"
25    package="com.laotie.usbcameratest"
26    android:versionCode="8"
27    android:versionName="3.00" >
28
29    <uses-sdk
30        android:minSdkVersion="22"
30-->src\main\AndroidManifest.xml
31        android:targetSdkVersion="29" />
31-->src\main\AndroidManifest.xml
32
33    <application
33-->src\main\AndroidManifest.xml:28:5-41:19
34        android:allowBackup="true"
34-->src\main\AndroidManifest.xml:29:9-35
35        android:appComponentFactory="androidx.core.app.CoreComponentFactory"
35-->[androidx.core:core:1.1.0] AndroidManifest.xml:24:18-86
36        android:debuggable="true"
37        android:icon="@drawable/ic_launcher"
37-->src\main\AndroidManifest.xml:30:9-45
38        android:label="@string/app_name"
38-->src\main\AndroidManifest.xml:31:9-41
39        android:testOnly="true" >
40        <activity
40-->src\main\AndroidManifest.xml:33:9-40:20
41            android:name="com.laotie.usbcameratest"
41-->src\main\AndroidManifest.xml:34:13-52
42            android:label="@string/app_name" >
42-->src\main\AndroidManifest.xml:35:13-45
43            <intent-filter>
43-->src\main\AndroidManifest.xml:36:13-39:29
44                <action android:name="android.intent.action.MAIN" />
44-->src\main\AndroidManifest.xml:37:17-69
44-->src\main\AndroidManifest.xml:37:25-66
45
46                <category android:name="android.intent.category.LAUNCHER" />
46-->src\main\AndroidManifest.xml:38:17-77
46-->src\main\AndroidManifest.xml:38:27-74
47            </intent-filter>
48        </activity>
49    </application>
50
51</manifest>